<?xml version="1.0" encoding="UTF-8"?>
<!-- Generated by org.testng.reporters.JUnitReportReporter -->
<testsuite hostname="IN-PF3QQLQ7" failures="0" tests="1" name="AutomateRoyalCanin.TestComponent.RegistrationPageTest" time="3.716" errors="0" timestamp="2024-09-19T11:56:23 IST" skipped="0">
  <testcase classname="AutomateRoyalCanin.TestComponent.RegistrationPageTest" name="RegistrationTest" time="3.716"/>
</testsuite> <!-- AutomateRoyalCanin.TestComponent.RegistrationPageTest -->
