<?xml version="1.0" encoding="UTF-8"?>
<!-- Generated by org.testng.reporters.JUnitReportReporter -->
<testsuite hostname="IN-PF3QQLQ7" failures="0" tests="1" name="AutomateRoyalCanin.BaseTest.BaseTest" time="9.314" errors="0" timestamp="2024-09-18T18:51:29 IST" skipped="0">
  <testcase classname="AutomateRoyalCanin.BaseTest.BaseTest" name="initialize" time="9.314"/>
</testsuite> <!-- AutomateRoyalCanin.BaseTest.BaseTest -->
