<?xml version="1.0" encoding="UTF-8"?>
<!-- Generated by org.testng.reporters.JUnitReportReporter -->
<testsuite hostname="IN-PF3QQLQ7" failures="0" tests="1" name="AutomateRoyalCanin.TestComponent.ProductListPageTest" time="7.371" errors="0" timestamp="2024-10-25T11:44:16 IST" skipped="0">
  <testcase classname="AutomateRoyalCanin.TestComponent.ProductListPageTest" name="VerifyFilterContainer" time="7.371"/>
</testsuite> <!-- AutomateRoyalCanin.TestComponent.ProductListPageTest -->
