<?xml version="1.0" encoding="UTF-8"?>
<!-- Generated by org.testng.reporters.JUnitReportReporter -->
<testsuite hostname="IN-PF3QQLQ7" failures="0" tests="1" name="AutomateRoyalCanin.TestComponent.WhereToBuyPageTest" time="1.746" errors="0" timestamp="2024-10-25T11:41:07 IST" skipped="0">
  <testcase classname="AutomateRoyalCanin.TestComponent.WhereToBuyPageTest" name="verifyWhereToBuyLocationAndDirections" time="1.746"/>
</testsuite> <!-- AutomateRoyalCanin.TestComponent.WhereToBuyPageTest -->
