<?xml version="1.0" encoding="UTF-8"?>
<!-- Generated by org.testng.reporters.JUnitReportReporter -->
<testsuite hostname="IN-PF3QQLQ7" failures="0" tests="1" name="AutomateRoyalCanin.TestComponent.StandAlone2" time="22.479" errors="0" timestamp="2024-09-26T18:39:49 IST" skipped="0">
  <testcase classname="AutomateRoyalCanin.TestComponent.StandAlone2" name="Demo" time="22.479"/>
</testsuite> <!-- AutomateRoyalCanin.TestComponent.StandAlone2 -->
