<?xml version="1.0" encoding="UTF-8"?>
<!-- Generated by org.testng.reporters.JUnitReportReporter -->
<testsuite hostname="IN-PF3QQLQ7" failures="0" tests="1" name="cucumber.TestNGTestRunner" time="20.698" errors="0" timestamp="2024-10-08T10:58:37 IST" skipped="0">
  <testcase classname="cucumber.TestNGTestRunner" name="runScenario" time="20.698"/>
</testsuite> <!-- cucumber.TestNGTestRunner -->
