<?xml version="1.0" encoding="UTF-8"?>
<!-- Generated by org.testng.reporters.JUnitReportReporter -->
<testsuite hostname="IN-PF3QQLQ7" failures="0" tests="1" name="AutomateRoyalCanin.TestComponent.StandAlone4" time="23.640" errors="0" timestamp="2024-10-03T19:42:37 IST" skipped="0">
  <testcase classname="AutomateRoyalCanin.TestComponent.StandAlone4" name="Demo" time="23.640"/>
</testsuite> <!-- AutomateRoyalCanin.TestComponent.StandAlone4 -->
