<?xml version="1.0" encoding="UTF-8"?>
<!-- Generated by org.testng.reporters.JUnitReportReporter -->
<testsuite hostname="IN-PF3QQLQ7" failures="0" tests="1" name="AutomateRoyalCanin.TestComponent.ProductDetailsPageTest" time="15.775" errors="0" timestamp="2024-10-25T11:44:16 IST" skipped="0">
  <testcase classname="AutomateRoyalCanin.TestComponent.ProductDetailsPageTest" name="VerifyProductInPDP" time="15.775"/>
</testsuite> <!-- AutomateRoyalCanin.TestComponent.ProductDetailsPageTest -->
