<?xml version="1.0" encoding="UTF-8"?>
<!-- Generated by org.testng.reporters.JUnitReportReporter -->
<testsuite hostname="IN-PF3QQLQ7" failures="0" tests="1" name="AutomateRoyalCanin.TestComponent.LoginPageTest" time="7.288" errors="0" timestamp="2024-10-25T11:44:16 IST" skipped="0">
  <testcase classname="AutomateRoyalCanin.TestComponent.LoginPageTest" name="loginTest" time="7.288"/>
</testsuite> <!-- AutomateRoyalCanin.TestComponent.LoginPageTest -->
