<?xml version="1.0" encoding="UTF-8"?>
<!-- Generated by org.testng.reporters.JUnitReportReporter -->
<testsuite hostname="IN-PF3QQLQ7" failures="0" tests="1" name="AutomateRoyalCanin.TestComponent.ContactFormPageTest" time="3.825" errors="0" timestamp="2024-10-25T10:50:07 IST" skipped="0">
  <testcase classname="AutomateRoyalCanin.TestComponent.ContactFormPageTest" name="AddComment" time="3.825"/>
</testsuite> <!-- AutomateRoyalCanin.TestComponent.ContactFormPageTest -->
