<?xml version="1.0" encoding="UTF-8"?>
<!-- Generated by org.testng.reporters.JUnitReportReporter -->
<testsuite hostname="IN-PF3QQLQ7" failures="0" tests="2" name="AutomateRoyalCanin.TestComponent.HomePageTest" time="12.636" errors="0" timestamp="2024-10-25T11:44:16 IST" skipped="0">
  <testcase classname="AutomateRoyalCanin.TestComponent.HomePageTest" name="VerifyUserIcon" time="10.811"/>
  <testcase classname="AutomateRoyalCanin.TestComponent.HomePageTest" name="GoToPLP" time="1.825"/>
</testsuite> <!-- AutomateRoyalCanin.TestComponent.HomePageTest -->
